<?xml version="1.0" encoding="UTF-8"?>
<testng-results skipped="0" failed="0" ignored="0" total="1" passed="1">
  <reporter-output>
  </reporter-output>
  <suite name="Default suite" duration-ms="33363" started-at="2024-03-22T18:52:47 CST" finished-at="2024-03-22T18:53:20 CST">
    <groups>
    </groups>
    <test name="Default test" duration-ms="33363" started-at="2024-03-22T18:52:47 CST" finished-at="2024-03-22T18:53:20 CST">
      <class name="beauty.LaunchLoreal_Test">
        <test-method status="PASS" signature="loreal()[pri:0, instance:beauty.LaunchLoreal_Test@80503]" name="loreal" duration-ms="33117" started-at="2024-03-22T18:52:47 CST" finished-at="2024-03-22T18:53:20 CST">
          <reporter-output>
          </reporter-output>
        </test-method> <!-- loreal -->
      </class> <!-- beauty.LaunchLoreal_Test -->
    </test> <!-- Default test -->
  </suite> <!-- Default suite -->
</testng-results>
